PinViewScreen/build/intermediates/manifest_merge_blame_file/debug/manifest-merger-blame-debug-report.txt
1<?xml version="1.0" encoding="utf-8"?>
2<manifest xmlns:android="http://schemas.android.com/apk/res/android"
3    package="com.olajide.pinviewscreen" >
4
5    <uses-sdk
6        android:minSdkVersion="21"
6-->src/main/AndroidManifest.xml
7        android:targetSdkVersion="33" />
7-->src/main/AndroidManifest.xml
8
9    <application>
9-->src/main/AndroidManifest.xml:4:5-14:19
10        <activity
10-->src/main/AndroidManifest.xml:5:9-13:20
11            android:name="com.olajide.pinviewscreen.MainActivity"
11-->src/main/AndroidManifest.xml:6:13-41
12            android:exported="false"
12-->src/main/AndroidManifest.xml:7:13-37
13            android:label="@string/title_activity_main"
13-->src/main/AndroidManifest.xml:8:13-56
14            android:theme="@style/Theme.BlinxApp" >
14-->src/main/AndroidManifest.xml:9:13-50
15            <meta-data
15-->src/main/AndroidManifest.xml:10:13-12:36
16                android:name="android.app.lib_name"
16-->src/main/AndroidManifest.xml:11:17-52
17                android:value="" />
17-->src/main/AndroidManifest.xml:12:17-33
18        </activity>
19    </application>
20
21</manifest>